Determining if the pthread_create exist failed with the following output:
Change Dir: /home/charles/work/working/PointCloud/scripts/super_voxel-based/linux/build/CMakeFiles/CMakeTmp

Run Build Command:"/usr/bin/make" "cmTC_f19f4/fast"
/usr/bin/make -f CMakeFiles/cmTC_f19f4.dir/build.make CMakeFiles/cmTC_f19f4.dir/build
make[1]: 进入目录“/media/charles/exFAT/working/PointCloud/scripts/super_voxel-based/linux/build/CMakeFiles/CMakeTmp”
Building C object CMakeFiles/cmTC_f19f4.dir/CheckSymbolExists.c.o
/usr/local/cuda-9.0/bin/gcc    -o CMakeFiles/cmTC_f19f4.dir/CheckSymbolExists.c.o   -c /home/charles/work/working/PointCloud/scripts/super_voxel-based/linux/build/CMakeFiles/CMakeTmp/CheckSymbolExists.c
Linking C executable cmTC_f19f4
/usr/bin/cmake -E cmake_link_script CMakeFiles/cmTC_f19f4.dir/link.txt --verbose=1
/usr/local/cuda-9.0/bin/gcc      -rdynamic CMakeFiles/cmTC_f19f4.dir/CheckSymbolExists.c.o  -o cmTC_f19f4 
CMakeFiles/cmTC_f19f4.dir/CheckSymbolExists.c.o：在函数‘main’中：
CheckSymbolExists.c:(.text+0x1b)：对‘pthread_create’未定义的引用
collect2: error: ld returned 1 exit status
CMakeFiles/cmTC_f19f4.dir/build.make:97: recipe for target 'cmTC_f19f4' failed
make[1]: *** [cmTC_f19f4] Error 1
make[1]: 离开目录“/media/charles/exFAT/working/PointCloud/scripts/super_voxel-based/linux/build/CMakeFiles/CMakeTmp”
Makefile:126: recipe for target 'cmTC_f19f4/fast' failed
make: *** [cmTC_f19f4/fast] Error 2

File /home/charles/work/working/PointCloud/scripts/super_voxel-based/linux/build/CMakeFiles/CMakeTmp/CheckSymbolExists.c:
/* */
#include <pthread.h>

int main(int argc, char** argv)
{
  (void)argv;
#ifndef pthread_create
  return ((int*)(&pthread_create))[argc];
#else
  (void)argc;
  return 0;
#endif
}

Determining if the function pthread_create exists in the pthreads failed with the following output:
Change Dir: /home/charles/work/working/PointCloud/scripts/super_voxel-based/linux/build/CMakeFiles/CMakeTmp

Run Build Command:"/usr/bin/make" "cmTC_c159a/fast"
/usr/bin/make -f CMakeFiles/cmTC_c159a.dir/build.make CMakeFiles/cmTC_c159a.dir/build
make[1]: 进入目录“/media/charles/exFAT/working/PointCloud/scripts/super_voxel-based/linux/build/CMakeFiles/CMakeTmp”
Building C object CMakeFiles/cmTC_c159a.dir/CheckFunctionExists.c.o
/usr/local/cuda-9.0/bin/gcc   -DCHECK_FUNCTION_EXISTS=pthread_create   -o CMakeFiles/cmTC_c159a.dir/CheckFunctionExists.c.o   -c /usr/share/cmake-3.10/Modules/CheckFunctionExists.c
Linking C executable cmTC_c159a
/usr/bin/cmake -E cmake_link_script CMakeFiles/cmTC_c159a.dir/link.txt --verbose=1
/usr/local/cuda-9.0/bin/gcc  -DCHECK_FUNCTION_EXISTS=pthread_create    -rdynamic CMakeFiles/cmTC_c159a.dir/CheckFunctionExists.c.o  -o cmTC_c159a -lpthreads 
/usr/bin/x86_64-linux-gnu-ld: 找不到 -lpthreads
collect2: error: ld returned 1 exit status
CMakeFiles/cmTC_c159a.dir/build.make:97: recipe for target 'cmTC_c159a' failed
make[1]: *** [cmTC_c159a] Error 1
make[1]: 离开目录“/media/charles/exFAT/working/PointCloud/scripts/super_voxel-based/linux/build/CMakeFiles/CMakeTmp”
Makefile:126: recipe for target 'cmTC_c159a/fast' failed
make: *** [cmTC_c159a/fast] Error 2


